This is pdfTeX, Version 3.14159265-2.6-1.40.18 (TeX Live 2017) (preloaded format=pdflatex 2018.8.6)  6 AUG 2018 16:51
entering extended mode
 restricted \write18 enabled.
 file:line:error style messages enabled.
 %&-line parsing enabled.
**TP02.tex
(./TP02.tex
LaTeX2e <2017/01/01> patch level 3
Babel <3.10> and hyphenation patterns for 4 language(s) loaded.

! LaTeX Error: File `abntex2.cls' not found.

Type X to quit or <RETURN> to proceed,
or enter new name. (Default extension: cls)

Enter file name: 
./TP02.tex:53: Emergency stop.
<read *> 
         
l.53 ^^M
        
*** (cannot \read from terminal in nonstop modes)

 
Here is how much of TeX's memory you used:
 10 strings out of 494919
 172 string characters out of 6180670
 46100 words of memory out of 5000000
 3414 multiletter control sequences out of 15000+600000
 3640 words of font info for 14 fonts, out of 8000000 for 9000
 16 hyphenation exceptions out of 8191
 10i,0n,7p,246b,8s stack positions out of 5000i,500n,10000p,200000b,80000s
./TP02.tex:53:  ==> Fatal error occurred, no output PDF file produced!
